INFO - 2023-06-18 16:09:56 --> Session: Class initialized using 'CodeIgniter\Session\Handlers\FileHandler' driver.
INFO - 2023-06-18 16:09:57 --> Session: Class initialized using 'CodeIgniter\Session\Handlers\FileHandler' driver.
INFO - 2023-06-18 16:12:45 --> Session: Class initialized using 'CodeIgniter\Session\Handlers\FileHandler' driver.
INFO - 2023-06-18 16:12:46 --> Session: Class initialized using 'CodeIgniter\Session\Handlers\FileHandler' driver.
INFO - 2023-06-18 16:45:24 --> Session: Class initialized using 'CodeIgniter\Session\Handlers\FileHandler' driver.
INFO - 2023-06-18 16:46:38 --> Session: Class initialized using 'CodeIgniter\Session\Handlers\FileHandler' driver.
WARNING - 2023-06-18 16:46:39 --> [DEPRECATED] Creation of dynamic property jcobhams\NewsApi\NewsApi::$client is deprecated in VENDORPATH\jcobhams\newsapi\src\NewsApi.php on line 18.
 1 APPPATH\Models\NewsModel.php(15): jcobhams\NewsApi\NewsApi->__construct('ea1b061e351e451dad78a3be5ed14915')
 2 APPPATH\Controllers\Users\Profile.php(12): App\Models\NewsModel->__construct()
 3 SYSTEMPATH\CodeIgniter.php(934): App\Controllers\Users\Profile->index()
 4 SYSTEMPATH\CodeIgniter.php(499): CodeIgniter\CodeIgniter->runController(Object(App\Controllers\Users\Profile))
 5 SYSTEMPATH\CodeIgniter.php(368): CodeIgniter\CodeIgniter->handleRequest(null, Object(Config\Cache), false)
 6 FCPATH\index.php(67): CodeIgniter\CodeIgniter->run()
 7 SYSTEMPATH\Commands\Server\rewrite.php(47): require_once('D:\\ImunKit\\ImunKit\\public\\index.php')
WARNING - 2023-06-18 16:46:51 --> [DEPRECATED] Creation of dynamic property jcobhams\NewsApi\NewsApi::$client is deprecated in VENDORPATH\jcobhams\newsapi\src\NewsApi.php on line 18.
 1 APPPATH\Models\NewsModel.php(15): jcobhams\NewsApi\NewsApi->__construct('ea1b061e351e451dad78a3be5ed14915')
 2 APPPATH\Controllers\Users\Profile.php(12): App\Models\NewsModel->__construct()
 3 SYSTEMPATH\CodeIgniter.php(934): App\Controllers\Users\Profile->index()
 4 SYSTEMPATH\CodeIgniter.php(499): CodeIgniter\CodeIgniter->runController(Object(App\Controllers\Users\Profile))
 5 SYSTEMPATH\CodeIgniter.php(368): CodeIgniter\CodeIgniter->handleRequest(null, Object(Config\Cache), false)
 6 FCPATH\index.php(67): CodeIgniter\CodeIgniter->run()
 7 SYSTEMPATH\Commands\Server\rewrite.php(47): require_once('D:\\ImunKit\\ImunKit\\public\\index.php')
WARNING - 2023-06-18 16:47:08 --> [DEPRECATED] Creation of dynamic property jcobhams\NewsApi\NewsApi::$client is deprecated in VENDORPATH\jcobhams\newsapi\src\NewsApi.php on line 18.
 1 APPPATH\Models\NewsModel.php(15): jcobhams\NewsApi\NewsApi->__construct('ea1b061e351e451dad78a3be5ed14915')
 2 APPPATH\Controllers\Users\Profile.php(12): App\Models\NewsModel->__construct()
 3 SYSTEMPATH\CodeIgniter.php(934): App\Controllers\Users\Profile->index()
 4 SYSTEMPATH\CodeIgniter.php(499): CodeIgniter\CodeIgniter->runController(Object(App\Controllers\Users\Profile))
 5 SYSTEMPATH\CodeIgniter.php(368): CodeIgniter\CodeIgniter->handleRequest(null, Object(Config\Cache), false)
 6 FCPATH\index.php(67): CodeIgniter\CodeIgniter->run()
 7 SYSTEMPATH\Commands\Server\rewrite.php(47): require_once('D:\\ImunKit\\ImunKit\\public\\index.php')
WARNING - 2023-06-18 16:47:48 --> [DEPRECATED] Creation of dynamic property jcobhams\NewsApi\NewsApi::$client is deprecated in VENDORPATH\jcobhams\newsapi\src\NewsApi.php on line 18.
 1 APPPATH\Models\NewsModel.php(15): jcobhams\NewsApi\NewsApi->__construct('ea1b061e351e451dad78a3be5ed14915')
 2 APPPATH\Controllers\Users\Profile.php(12): App\Models\NewsModel->__construct()
 3 SYSTEMPATH\CodeIgniter.php(934): App\Controllers\Users\Profile->index()
 4 SYSTEMPATH\CodeIgniter.php(499): CodeIgniter\CodeIgniter->runController(Object(App\Controllers\Users\Profile))
 5 SYSTEMPATH\CodeIgniter.php(368): CodeIgniter\CodeIgniter->handleRequest(null, Object(Config\Cache), false)
 6 FCPATH\index.php(67): CodeIgniter\CodeIgniter->run()
 7 SYSTEMPATH\Commands\Server\rewrite.php(47): require_once('D:\\ImunKit\\ImunKit\\public\\index.php')
INFO - 2023-06-18 16:53:43 --> Session: Class initialized using 'CodeIgniter\Session\Handlers\FileHandler' driver.
INFO - 2023-06-18 16:54:10 --> Session: Class initialized using 'CodeIgniter\Session\Handlers\FileHandler' driver.
WARNING - 2023-06-18 16:54:10 --> [DEPRECATED] Creation of dynamic property jcobhams\NewsApi\NewsApi::$client is deprecated in VENDORPATH\jcobhams\newsapi\src\NewsApi.php on line 18.
 1 APPPATH\Models\NewsModel.php(15): jcobhams\NewsApi\NewsApi->__construct('ea1b061e351e451dad78a3be5ed14915')
 2 APPPATH\Controllers\Users\Profile.php(12): App\Models\NewsModel->__construct()
 3 SYSTEMPATH\CodeIgniter.php(934): App\Controllers\Users\Profile->index()
 4 SYSTEMPATH\CodeIgniter.php(499): CodeIgniter\CodeIgniter->runController(Object(App\Controllers\Users\Profile))
 5 SYSTEMPATH\CodeIgniter.php(368): CodeIgniter\CodeIgniter->handleRequest(null, Object(Config\Cache), false)
 6 FCPATH\index.php(67): CodeIgniter\CodeIgniter->run()
 7 SYSTEMPATH\Commands\Server\rewrite.php(47): require_once('D:\\ImunKit\\ImunKit\\public\\index.php')
INFO - 2023-06-18 16:54:14 --> Session: Class initialized using 'CodeIgniter\Session\Handlers\FileHandler' driver.
