INFO - 2023-05-28 14:40:00 --> Session: Class initialized using 'CodeIgniter\Session\Handlers\FileHandler' driver.
INFO - 2023-05-28 14:40:15 --> Session: Class initialized using 'CodeIgniter\Session\Handlers\FileHandler' driver.
INFO - 2023-05-28 14:41:39 --> Session: Class initialized using 'CodeIgniter\Session\Handlers\FileHandler' driver.
INFO - 2023-05-28 14:41:40 --> Session: Class initialized using 'CodeIgniter\Session\Handlers\FileHandler' driver.
INFO - 2023-05-28 14:41:41 --> Session: Class initialized using 'CodeIgniter\Session\Handlers\FileHandler' driver.
INFO - 2023-05-28 14:41:41 --> Session: Class initialized using 'CodeIgniter\Session\Handlers\FileHandler' driver.
INFO - 2023-05-28 14:44:16 --> Session: Class initialized using 'CodeIgniter\Session\Handlers\FileHandler' driver.
INFO - 2023-05-28 14:44:19 --> Session: Class initialized using 'CodeIgniter\Session\Handlers\FileHandler' driver.
CRITICAL - 2023-05-28 14:57:05 --> Invalid file: "login.php"
in SYSTEMPATH\Exceptions\FrameworkException.php on line 33.
 1 SYSTEMPATH\View\View.php(201): CodeIgniter\Exceptions\FrameworkException::forInvalidFile('login.php')
 2 SYSTEMPATH\Common.php(1184): CodeIgniter\View\View->render('login', [], true)
 3 APPPATH\Controllers\Home.php(9): view('login')
 4 SYSTEMPATH\CodeIgniter.php(934): App\Controllers\Home->index()
 5 SYSTEMPATH\CodeIgniter.php(499): CodeIgniter\CodeIgniter->runController(Object(App\Controllers\Home))
 6 SYSTEMPATH\CodeIgniter.php(368): CodeIgniter\CodeIgniter->handleRequest(null, Object(Config\Cache), false)
 7 FCPATH\index.php(67): CodeIgniter\CodeIgniter->run()
 8 SYSTEMPATH\Commands\Server\rewrite.php(47): require_once('C:\\xampp\\htdocs\\Imunkit\\public\\index.php')
CRITICAL - 2023-05-28 15:03:23 --> Invalid file: "auth/register/index.php"
in SYSTEMPATH\Exceptions\FrameworkException.php on line 33.
 1 SYSTEMPATH\View\View.php(201): CodeIgniter\Exceptions\FrameworkException::forInvalidFile('auth/register/index.php')
 2 SYSTEMPATH\Common.php(1184): CodeIgniter\View\View->render('auth/register/index', [], true)
 3 APPPATH\Controllers\auth\Register.php(11): view('auth/register/index')
 4 SYSTEMPATH\CodeIgniter.php(934): App\Controllers\Auth\Register->index()
 5 SYSTEMPATH\CodeIgniter.php(499): CodeIgniter\CodeIgniter->runController(Object(App\Controllers\Auth\Register))
 6 SYSTEMPATH\CodeIgniter.php(368): CodeIgniter\CodeIgniter->handleRequest(null, Object(Config\Cache), false)
 7 FCPATH\index.php(67): CodeIgniter\CodeIgniter->run()
 8 SYSTEMPATH\Commands\Server\rewrite.php(47): require_once('C:\\xampp\\htdocs\\Imunkit\\public\\index.php')
CRITICAL - 2023-05-28 15:05:17 --> Invalid file: "auth/register/index.php"
in SYSTEMPATH\Exceptions\FrameworkException.php on line 33.
 1 SYSTEMPATH\View\View.php(201): CodeIgniter\Exceptions\FrameworkException::forInvalidFile('auth/register/index.php')
 2 SYSTEMPATH\Common.php(1184): CodeIgniter\View\View->render('auth/register/index', [], true)
 3 APPPATH\Controllers\auth\Register.php(11): view('auth/register/index')
 4 SYSTEMPATH\CodeIgniter.php(934): App\Controllers\Auth\Register->index()
 5 SYSTEMPATH\CodeIgniter.php(499): CodeIgniter\CodeIgniter->runController(Object(App\Controllers\Auth\Register))
 6 SYSTEMPATH\CodeIgniter.php(368): CodeIgniter\CodeIgniter->handleRequest(null, Object(Config\Cache), false)
 7 FCPATH\index.php(67): CodeIgniter\CodeIgniter->run()
 8 SYSTEMPATH\Commands\Server\rewrite.php(47): require_once('C:\\xampp\\htdocs\\Imunkit\\public\\index.php')
CRITICAL - 2023-05-28 15:07:09 --> Invalid file: "auth/register/index.php"
in SYSTEMPATH\Exceptions\FrameworkException.php on line 33.
 1 SYSTEMPATH\View\View.php(201): CodeIgniter\Exceptions\FrameworkException::forInvalidFile('auth/register/index.php')
 2 SYSTEMPATH\Common.php(1184): CodeIgniter\View\View->render('auth/register/index', [], true)
 3 APPPATH\Controllers\Auth\Register.php(11): view('auth/register/index')
 4 SYSTEMPATH\CodeIgniter.php(934): App\Controllers\Auth\Register->index()
 5 SYSTEMPATH\CodeIgniter.php(499): CodeIgniter\CodeIgniter->runController(Object(App\Controllers\Auth\Register))
 6 SYSTEMPATH\CodeIgniter.php(368): CodeIgniter\CodeIgniter->handleRequest(null, Object(Config\Cache), false)
 7 FCPATH\index.php(67): CodeIgniter\CodeIgniter->run()
 8 SYSTEMPATH\Commands\Server\rewrite.php(47): require_once('C:\\xampp\\htdocs\\Imunkit\\public\\index.php')
CRITICAL - 2023-05-28 15:07:12 --> Invalid file: "auth/register/index.php"
in SYSTEMPATH\Exceptions\FrameworkException.php on line 33.
 1 SYSTEMPATH\View\View.php(201): CodeIgniter\Exceptions\FrameworkException::forInvalidFile('auth/register/index.php')
 2 SYSTEMPATH\Common.php(1184): CodeIgniter\View\View->render('auth/register/index', [], true)
 3 APPPATH\Controllers\Auth\Register.php(11): view('auth/register/index')
 4 SYSTEMPATH\CodeIgniter.php(934): App\Controllers\Auth\Register->index()
 5 SYSTEMPATH\CodeIgniter.php(499): CodeIgniter\CodeIgniter->runController(Object(App\Controllers\Auth\Register))
 6 SYSTEMPATH\CodeIgniter.php(368): CodeIgniter\CodeIgniter->handleRequest(null, Object(Config\Cache), false)
 7 FCPATH\index.php(67): CodeIgniter\CodeIgniter->run()
 8 SYSTEMPATH\Commands\Server\rewrite.php(47): require_once('C:\\xampp\\htdocs\\Imunkit\\public\\index.php')
CRITICAL - 2023-05-28 15:17:01 --> Invalid file: "auth/register/index.php"
in SYSTEMPATH\Exceptions\FrameworkException.php on line 33.
 1 SYSTEMPATH\View\View.php(201): CodeIgniter\Exceptions\FrameworkException::forInvalidFile('auth/register/index.php')
 2 SYSTEMPATH\Common.php(1184): CodeIgniter\View\View->render('auth/register/index', [], true)
 3 APPPATH\Controllers\Register.php(11): view('auth/register/index')
 4 SYSTEMPATH\CodeIgniter.php(934): App\Controllers\Register->index()
 5 SYSTEMPATH\CodeIgniter.php(499): CodeIgniter\CodeIgniter->runController(Object(App\Controllers\Register))
 6 SYSTEMPATH\CodeIgniter.php(368): CodeIgniter\CodeIgniter->handleRequest(null, Object(Config\Cache), false)
 7 FCPATH\index.php(67): CodeIgniter\CodeIgniter->run()
 8 SYSTEMPATH\Commands\Server\rewrite.php(47): require_once('C:\\xampp\\htdocs\\Imunkit\\public\\index.php')
CRITICAL - 2023-05-28 15:17:02 --> Invalid file: "auth/register/index.php"
in SYSTEMPATH\Exceptions\FrameworkException.php on line 33.
 1 SYSTEMPATH\View\View.php(201): CodeIgniter\Exceptions\FrameworkException::forInvalidFile('auth/register/index.php')
 2 SYSTEMPATH\Common.php(1184): CodeIgniter\View\View->render('auth/register/index', [], true)
 3 APPPATH\Controllers\Register.php(11): view('auth/register/index')
 4 SYSTEMPATH\CodeIgniter.php(934): App\Controllers\Register->index()
 5 SYSTEMPATH\CodeIgniter.php(499): CodeIgniter\CodeIgniter->runController(Object(App\Controllers\Register))
 6 SYSTEMPATH\CodeIgniter.php(368): CodeIgniter\CodeIgniter->handleRequest(null, Object(Config\Cache), false)
 7 FCPATH\index.php(67): CodeIgniter\CodeIgniter->run()
 8 SYSTEMPATH\Commands\Server\rewrite.php(47): require_once('C:\\xampp\\htdocs\\Imunkit\\public\\index.php')
CRITICAL - 2023-05-28 15:44:32 --> Invalid file: "auth/register/index.php"
in SYSTEMPATH\Exceptions\FrameworkException.php on line 33.
 1 SYSTEMPATH\View\View.php(201): CodeIgniter\Exceptions\FrameworkException::forInvalidFile('auth/register/index.php')
 2 SYSTEMPATH\Common.php(1184): CodeIgniter\View\View->render('auth/register/index', [], true)
 3 APPPATH\Controllers\Register.php(11): view('auth/register/index')
 4 SYSTEMPATH\CodeIgniter.php(934): App\Controllers\Register->index()
 5 SYSTEMPATH\CodeIgniter.php(499): CodeIgniter\CodeIgniter->runController(Object(App\Controllers\Register))
 6 SYSTEMPATH\CodeIgniter.php(368): CodeIgniter\CodeIgniter->handleRequest(null, Object(Config\Cache), false)
 7 FCPATH\index.php(67): CodeIgniter\CodeIgniter->run()
 8 SYSTEMPATH\Commands\Server\rewrite.php(47): require_once('C:\\xampp\\htdocs\\Imunkit\\public\\index.php')
CRITICAL - 2023-05-28 15:45:34 --> Invalid file: "auth/register/index.php"
in SYSTEMPATH\Exceptions\FrameworkException.php on line 33.
 1 SYSTEMPATH\View\View.php(201): CodeIgniter\Exceptions\FrameworkException::forInvalidFile('auth/register/index.php')
 2 SYSTEMPATH\Common.php(1184): CodeIgniter\View\View->render('auth/register/index', [], true)
 3 APPPATH\Controllers\Register.php(11): view('auth/register/index')
 4 SYSTEMPATH\CodeIgniter.php(934): App\Controllers\Register->index()
 5 SYSTEMPATH\CodeIgniter.php(499): CodeIgniter\CodeIgniter->runController(Object(App\Controllers\Register))
 6 SYSTEMPATH\CodeIgniter.php(368): CodeIgniter\CodeIgniter->handleRequest(null, Object(Config\Cache), false)
 7 FCPATH\index.php(67): CodeIgniter\CodeIgniter->run()
 8 SYSTEMPATH\Commands\Server\rewrite.php(47): require_once('C:\\xampp\\htdocs\\Imunkit\\public\\index.php')
CRITICAL - 2023-05-28 15:45:35 --> Invalid file: "auth/register/index.php"
in SYSTEMPATH\Exceptions\FrameworkException.php on line 33.
 1 SYSTEMPATH\View\View.php(201): CodeIgniter\Exceptions\FrameworkException::forInvalidFile('auth/register/index.php')
 2 SYSTEMPATH\Common.php(1184): CodeIgniter\View\View->render('auth/register/index', [], true)
 3 APPPATH\Controllers\Register.php(11): view('auth/register/index')
 4 SYSTEMPATH\CodeIgniter.php(934): App\Controllers\Register->index()
 5 SYSTEMPATH\CodeIgniter.php(499): CodeIgniter\CodeIgniter->runController(Object(App\Controllers\Register))
 6 SYSTEMPATH\CodeIgniter.php(368): CodeIgniter\CodeIgniter->handleRequest(null, Object(Config\Cache), false)
 7 FCPATH\index.php(67): CodeIgniter\CodeIgniter->run()
 8 SYSTEMPATH\Commands\Server\rewrite.php(47): require_once('C:\\xampp\\htdocs\\Imunkit\\public\\index.php')
INFO - 2023-05-28 16:01:07 --> Session: Class initialized using 'CodeIgniter\Session\Handlers\FileHandler' driver.
INFO - 2023-05-28 16:03:52 --> Session: Class initialized using 'CodeIgniter\Session\Handlers\FileHandler' driver.
INFO - 2023-05-28 16:03:53 --> Session: Class initialized using 'CodeIgniter\Session\Handlers\FileHandler' driver.
CRITICAL - 2023-05-28 16:03:53 --> Class "App\Models\UserModel" not found
in APPPATH\Controllers\Login.php on line 18.
 1 SYSTEMPATH\CodeIgniter.php(934): App\Controllers\Login->auth()
 2 SYSTEMPATH\CodeIgniter.php(499): CodeIgniter\CodeIgniter->runController(Object(App\Controllers\Login))
 3 SYSTEMPATH\CodeIgniter.php(368): CodeIgniter\CodeIgniter->handleRequest(null, Object(Config\Cache), false)
 4 FCPATH\index.php(67): CodeIgniter\CodeIgniter->run()
 5 SYSTEMPATH\Commands\Server\rewrite.php(47): require_once('C:\\xampp\\htdocs\\Imunkit\\public\\index.php')
