INFO - 2023-06-17 07:30:32 --> Session: Class initialized using 'CodeIgniter\Session\Handlers\FileHandler' driver.
INFO - 2023-06-17 07:30:38 --> Session: Class initialized using 'CodeIgniter\Session\Handlers\FileHandler' driver.
INFO - 2023-06-17 14:25:52 --> Session: Class initialized using 'CodeIgniter\Session\Handlers\FileHandler' driver.
INFO - 2023-06-17 14:26:12 --> Session: Class initialized using 'CodeIgniter\Session\Handlers\FileHandler' driver.
ERROR - 2023-06-17 14:26:17 --> Error connecting to the database: mysqli_sql_exception: No connection could be made because the target machine actively refused it in C:\xampp\htdocs\ImunKit\ImunKit\system\Database\MySQLi\Connection.php:173
Stack trace:
#0 C:\xampp\htdocs\ImunKit\ImunKit\system\Database\MySQLi\Connection.php(173): mysqli->real_connect('localhost', 'root', Object(SensitiveParameterValue), 'imunkitv2', 3306, '', 0)
#1 C:\xampp\htdocs\ImunKit\ImunKit\system\Database\BaseConnection.php(391): CodeIgniter\Database\MySQLi\Connection->connect(false)
#2 C:\xampp\htdocs\ImunKit\ImunKit\system\Database\BaseConnection.php(574): CodeIgniter\Database\BaseConnection->initialize()
#3 C:\xampp\htdocs\ImunKit\ImunKit\system\Database\BaseBuilder.php(1616): CodeIgniter\Database\BaseConnection->query('SELECT *\nFROM `...', Array, false)
#4 C:\xampp\htdocs\ImunKit\ImunKit\system\Model.php(268): CodeIgniter\Database\BaseBuilder->get()
#5 C:\xampp\htdocs\ImunKit\ImunKit\system\BaseModel.php(656): CodeIgniter\Model->doFirst()
#6 C:\xampp\htdocs\ImunKit\ImunKit\app\Controllers\Login.php(21): CodeIgniter\BaseModel->first()
#7 C:\xampp\htdocs\ImunKit\ImunKit\system\CodeIgniter.php(934): App\Controllers\Login->auth()
#8 C:\xampp\htdocs\ImunKit\ImunKit\system\CodeIgniter.php(499): CodeIgniter\CodeIgniter->runController(Object(App\Controllers\Login))
#9 C:\xampp\htdocs\ImunKit\ImunKit\system\CodeIgniter.php(368): CodeIgniter\CodeIgniter->handleRequest(NULL, Object(Config\Cache), false)
#10 C:\xampp\htdocs\ImunKit\ImunKit\public\index.php(67): CodeIgniter\CodeIgniter->run()
#11 C:\xampp\htdocs\ImunKit\ImunKit\system\Commands\Server\rewrite.php(47): require_once('C:\\xampp\\htdocs...')
#12 {main}

Next CodeIgniter\Database\Exceptions\DatabaseException: No connection could be made because the target machine actively refused it in C:\xampp\htdocs\ImunKit\ImunKit\system\Database\MySQLi\Connection.php:218
Stack trace:
#0 C:\xampp\htdocs\ImunKit\ImunKit\system\Database\BaseConnection.php(391): CodeIgniter\Database\MySQLi\Connection->connect(false)
#1 C:\xampp\htdocs\ImunKit\ImunKit\system\Database\BaseConnection.php(574): CodeIgniter\Database\BaseConnection->initialize()
#2 C:\xampp\htdocs\ImunKit\ImunKit\system\Database\BaseBuilder.php(1616): CodeIgniter\Database\BaseConnection->query('SELECT *\nFROM `...', Array, false)
#3 C:\xampp\htdocs\ImunKit\ImunKit\system\Model.php(268): CodeIgniter\Database\BaseBuilder->get()
#4 C:\xampp\htdocs\ImunKit\ImunKit\system\BaseModel.php(656): CodeIgniter\Model->doFirst()
#5 C:\xampp\htdocs\ImunKit\ImunKit\app\Controllers\Login.php(21): CodeIgniter\BaseModel->first()
#6 C:\xampp\htdocs\ImunKit\ImunKit\system\CodeIgniter.php(934): App\Controllers\Login->auth()
#7 C:\xampp\htdocs\ImunKit\ImunKit\system\CodeIgniter.php(499): CodeIgniter\CodeIgniter->runController(Object(App\Controllers\Login))
#8 C:\xampp\htdocs\ImunKit\ImunKit\system\CodeIgniter.php(368): CodeIgniter\CodeIgniter->handleRequest(NULL, Object(Config\Cache), false)
#9 C:\xampp\htdocs\ImunKit\ImunKit\public\index.php(67): CodeIgniter\CodeIgniter->run()
#10 C:\xampp\htdocs\ImunKit\ImunKit\system\Commands\Server\rewrite.php(47): require_once('C:\\xampp\\htdocs...')
#11 {main}
CRITICAL - 2023-06-17 14:26:17 --> Unable to connect to the database.
Main connection [MySQLi]: No connection could be made because the target machine actively refused it
in SYSTEMPATH\Database\BaseConnection.php on line 427.
 1 SYSTEMPATH\Database\BaseConnection.php(574): CodeIgniter\Database\BaseConnection->initialize()
 2 SYSTEMPATH\Database\BaseBuilder.php(1616): CodeIgniter\Database\BaseConnection->query('SELECT *
FROM `tbl_user`
WHERE `username` = :username:
 LIMIT 1', [...], false)
 3 SYSTEMPATH\Model.php(268): CodeIgniter\Database\BaseBuilder->get()
 4 SYSTEMPATH\BaseModel.php(656): CodeIgniter\Model->doFirst()
 5 APPPATH\Controllers\Login.php(21): CodeIgniter\BaseModel->first()
 6 SYSTEMPATH\CodeIgniter.php(934): App\Controllers\Login->auth()
 7 SYSTEMPATH\CodeIgniter.php(499): CodeIgniter\CodeIgniter->runController(Object(App\Controllers\Login))
 8 SYSTEMPATH\CodeIgniter.php(368): CodeIgniter\CodeIgniter->handleRequest(null, Object(Config\Cache), false)
 9 FCPATH\index.php(67): CodeIgniter\CodeIgniter->run()
10 SYSTEMPATH\Commands\Server\rewrite.php(47): require_once('C:\\xampp\\htdocs\\ImunKit\\ImunKit\\public\\index.php')
INFO - 2023-06-17 14:26:51 --> Session: Class initialized using 'CodeIgniter\Session\Handlers\FileHandler' driver.
INFO - 2023-06-17 14:28:13 --> Session: Class initialized using 'CodeIgniter\Session\Handlers\FileHandler' driver.
INFO - 2023-06-17 14:28:22 --> Session: Class initialized using 'CodeIgniter\Session\Handlers\FileHandler' driver.
INFO - 2023-06-17 14:29:16 --> Session: Class initialized using 'CodeIgniter\Session\Handlers\FileHandler' driver.
INFO - 2023-06-17 14:30:00 --> Session: Class initialized using 'CodeIgniter\Session\Handlers\FileHandler' driver.
INFO - 2023-06-17 14:30:23 --> Session: Class initialized using 'CodeIgniter\Session\Handlers\FileHandler' driver.
INFO - 2023-06-17 14:33:51 --> Session: Class initialized using 'CodeIgniter\Session\Handlers\FileHandler' driver.
INFO - 2023-06-17 14:39:52 --> Session: Class initialized using 'CodeIgniter\Session\Handlers\FileHandler' driver.
INFO - 2023-06-17 14:40:00 --> Session: Class initialized using 'CodeIgniter\Session\Handlers\FileHandler' driver.
INFO - 2023-06-17 14:40:40 --> Session: Class initialized using 'CodeIgniter\Session\Handlers\FileHandler' driver.
INFO - 2023-06-17 14:40:49 --> Session: Class initialized using 'CodeIgniter\Session\Handlers\FileHandler' driver.
WARNING - 2023-06-17 14:40:49 --> [DEPRECATED] Creation of dynamic property jcobhams\NewsApi\NewsApi::$client is deprecated in VENDORPATH\jcobhams\newsapi\src\NewsApi.php on line 18.
 1 APPPATH\Models\NewsModel.php(15): jcobhams\NewsApi\NewsApi->__construct('ea1b061e351e451dad78a3be5ed14915')
 2 APPPATH\Controllers\Users\Profile.php(12): App\Models\NewsModel->__construct()
 3 SYSTEMPATH\CodeIgniter.php(934): App\Controllers\Users\Profile->index()
 4 SYSTEMPATH\CodeIgniter.php(499): CodeIgniter\CodeIgniter->runController(Object(App\Controllers\Users\Profile))
 5 SYSTEMPATH\CodeIgniter.php(368): CodeIgniter\CodeIgniter->handleRequest(null, Object(Config\Cache), false)
 6 FCPATH\index.php(67): CodeIgniter\CodeIgniter->run()
 7 SYSTEMPATH\Commands\Server\rewrite.php(47): require_once('C:\\xampp\\htdocs\\ImunKit\\ImunKit\\public\\index.php')
INFO - 2023-06-17 14:42:18 --> Session: Class initialized using 'CodeIgniter\Session\Handlers\FileHandler' driver.
INFO - 2023-06-17 14:42:29 --> Session: Class initialized using 'CodeIgniter\Session\Handlers\FileHandler' driver.
WARNING - 2023-06-17 14:42:29 --> [DEPRECATED] Creation of dynamic property jcobhams\NewsApi\NewsApi::$client is deprecated in VENDORPATH\jcobhams\newsapi\src\NewsApi.php on line 18.
 1 APPPATH\Models\NewsModel.php(15): jcobhams\NewsApi\NewsApi->__construct('ea1b061e351e451dad78a3be5ed14915')
 2 APPPATH\Controllers\Users\Profile.php(12): App\Models\NewsModel->__construct()
 3 SYSTEMPATH\CodeIgniter.php(934): App\Controllers\Users\Profile->index()
 4 SYSTEMPATH\CodeIgniter.php(499): CodeIgniter\CodeIgniter->runController(Object(App\Controllers\Users\Profile))
 5 SYSTEMPATH\CodeIgniter.php(368): CodeIgniter\CodeIgniter->handleRequest(null, Object(Config\Cache), false)
 6 FCPATH\index.php(67): CodeIgniter\CodeIgniter->run()
 7 SYSTEMPATH\Commands\Server\rewrite.php(47): require_once('C:\\xampp\\htdocs\\ImunKit\\ImunKit\\public\\index.php')
INFO - 2023-06-17 14:43:28 --> Session: Class initialized using 'CodeIgniter\Session\Handlers\FileHandler' driver.
INFO - 2023-06-17 14:43:57 --> Session: Class initialized using 'CodeIgniter\Session\Handlers\FileHandler' driver.
INFO - 2023-06-17 14:45:55 --> Session: Class initialized using 'CodeIgniter\Session\Handlers\FileHandler' driver.
INFO - 2023-06-17 14:46:02 --> Session: Class initialized using 'CodeIgniter\Session\Handlers\FileHandler' driver.
WARNING - 2023-06-17 14:46:03 --> [DEPRECATED] Creation of dynamic property jcobhams\NewsApi\NewsApi::$client is deprecated in VENDORPATH\jcobhams\newsapi\src\NewsApi.php on line 18.
 1 APPPATH\Models\NewsModel.php(15): jcobhams\NewsApi\NewsApi->__construct('ea1b061e351e451dad78a3be5ed14915')
 2 APPPATH\Controllers\Users\Profile.php(12): App\Models\NewsModel->__construct()
 3 SYSTEMPATH\CodeIgniter.php(934): App\Controllers\Users\Profile->index()
 4 SYSTEMPATH\CodeIgniter.php(499): CodeIgniter\CodeIgniter->runController(Object(App\Controllers\Users\Profile))
 5 SYSTEMPATH\CodeIgniter.php(368): CodeIgniter\CodeIgniter->handleRequest(null, Object(Config\Cache), false)
 6 FCPATH\index.php(67): CodeIgniter\CodeIgniter->run()
 7 SYSTEMPATH\Commands\Server\rewrite.php(47): require_once('C:\\xampp\\htdocs\\ImunKit\\ImunKit\\public\\index.php')
INFO - 2023-06-17 14:47:43 --> Session: Class initialized using 'CodeIgniter\Session\Handlers\FileHandler' driver.
INFO - 2023-06-17 14:47:54 --> Session: Class initialized using 'CodeIgniter\Session\Handlers\FileHandler' driver.
WARNING - 2023-06-17 14:47:54 --> [DEPRECATED] Creation of dynamic property jcobhams\NewsApi\NewsApi::$client is deprecated in VENDORPATH\jcobhams\newsapi\src\NewsApi.php on line 18.
 1 APPPATH\Models\NewsModel.php(15): jcobhams\NewsApi\NewsApi->__construct('ea1b061e351e451dad78a3be5ed14915')
 2 APPPATH\Controllers\Users\Profile.php(12): App\Models\NewsModel->__construct()
 3 SYSTEMPATH\CodeIgniter.php(934): App\Controllers\Users\Profile->index()
 4 SYSTEMPATH\CodeIgniter.php(499): CodeIgniter\CodeIgniter->runController(Object(App\Controllers\Users\Profile))
 5 SYSTEMPATH\CodeIgniter.php(368): CodeIgniter\CodeIgniter->handleRequest(null, Object(Config\Cache), false)
 6 FCPATH\index.php(67): CodeIgniter\CodeIgniter->run()
 7 SYSTEMPATH\Commands\Server\rewrite.php(47): require_once('C:\\xampp\\htdocs\\ImunKit\\ImunKit\\public\\index.php')
INFO - 2023-06-17 14:50:47 --> Session: Class initialized using 'CodeIgniter\Session\Handlers\FileHandler' driver.
INFO - 2023-06-17 14:50:59 --> Session: Class initialized using 'CodeIgniter\Session\Handlers\FileHandler' driver.
WARNING - 2023-06-17 14:50:59 --> [DEPRECATED] Creation of dynamic property jcobhams\NewsApi\NewsApi::$client is deprecated in VENDORPATH\jcobhams\newsapi\src\NewsApi.php on line 18.
 1 APPPATH\Models\NewsModel.php(15): jcobhams\NewsApi\NewsApi->__construct('ea1b061e351e451dad78a3be5ed14915')
 2 APPPATH\Controllers\Users\Profile.php(12): App\Models\NewsModel->__construct()
 3 SYSTEMPATH\CodeIgniter.php(934): App\Controllers\Users\Profile->index()
 4 SYSTEMPATH\CodeIgniter.php(499): CodeIgniter\CodeIgniter->runController(Object(App\Controllers\Users\Profile))
 5 SYSTEMPATH\CodeIgniter.php(368): CodeIgniter\CodeIgniter->handleRequest(null, Object(Config\Cache), false)
 6 FCPATH\index.php(67): CodeIgniter\CodeIgniter->run()
 7 SYSTEMPATH\Commands\Server\rewrite.php(47): require_once('C:\\xampp\\htdocs\\ImunKit\\ImunKit\\public\\index.php')
INFO - 2023-06-17 14:53:32 --> Session: Class initialized using 'CodeIgniter\Session\Handlers\FileHandler' driver.
INFO - 2023-06-17 14:53:48 --> Session: Class initialized using 'CodeIgniter\Session\Handlers\FileHandler' driver.
WARNING - 2023-06-17 14:53:48 --> [DEPRECATED] Creation of dynamic property jcobhams\NewsApi\NewsApi::$client is deprecated in VENDORPATH\jcobhams\newsapi\src\NewsApi.php on line 18.
 1 APPPATH\Models\NewsModel.php(15): jcobhams\NewsApi\NewsApi->__construct('ea1b061e351e451dad78a3be5ed14915')
 2 APPPATH\Controllers\Users\Profile.php(12): App\Models\NewsModel->__construct()
 3 SYSTEMPATH\CodeIgniter.php(934): App\Controllers\Users\Profile->index()
 4 SYSTEMPATH\CodeIgniter.php(499): CodeIgniter\CodeIgniter->runController(Object(App\Controllers\Users\Profile))
 5 SYSTEMPATH\CodeIgniter.php(368): CodeIgniter\CodeIgniter->handleRequest(null, Object(Config\Cache), false)
 6 FCPATH\index.php(67): CodeIgniter\CodeIgniter->run()
 7 SYSTEMPATH\Commands\Server\rewrite.php(47): require_once('C:\\xampp\\htdocs\\ImunKit\\ImunKit\\public\\index.php')
WARNING - 2023-06-17 14:54:05 --> [DEPRECATED] Creation of dynamic property jcobhams\NewsApi\NewsApi::$client is deprecated in VENDORPATH\jcobhams\newsapi\src\NewsApi.php on line 18.
 1 APPPATH\Models\NewsModel.php(15): jcobhams\NewsApi\NewsApi->__construct('ea1b061e351e451dad78a3be5ed14915')
 2 APPPATH\Controllers\Users\Profile.php(12): App\Models\NewsModel->__construct()
 3 SYSTEMPATH\CodeIgniter.php(934): App\Controllers\Users\Profile->index()
 4 SYSTEMPATH\CodeIgniter.php(499): CodeIgniter\CodeIgniter->runController(Object(App\Controllers\Users\Profile))
 5 SYSTEMPATH\CodeIgniter.php(368): CodeIgniter\CodeIgniter->handleRequest(null, Object(Config\Cache), false)
 6 FCPATH\index.php(67): CodeIgniter\CodeIgniter->run()
 7 SYSTEMPATH\Commands\Server\rewrite.php(47): require_once('C:\\xampp\\htdocs\\ImunKit\\ImunKit\\public\\index.php')
INFO - 2023-06-17 14:54:23 --> Session: Class initialized using 'CodeIgniter\Session\Handlers\FileHandler' driver.
INFO - 2023-06-17 14:54:34 --> Session: Class initialized using 'CodeIgniter\Session\Handlers\FileHandler' driver.
INFO - 2023-06-17 14:56:58 --> Session: Class initialized using 'CodeIgniter\Session\Handlers\FileHandler' driver.
INFO - 2023-06-17 14:57:09 --> Session: Class initialized using 'CodeIgniter\Session\Handlers\FileHandler' driver.
INFO - 2023-06-17 14:59:25 --> Session: Class initialized using 'CodeIgniter\Session\Handlers\FileHandler' driver.
INFO - 2023-06-17 14:59:31 --> Session: Class initialized using 'CodeIgniter\Session\Handlers\FileHandler' driver.
WARNING - 2023-06-17 14:59:32 --> [DEPRECATED] Creation of dynamic property jcobhams\NewsApi\NewsApi::$client is deprecated in VENDORPATH\jcobhams\newsapi\src\NewsApi.php on line 18.
 1 APPPATH\Models\NewsModel.php(15): jcobhams\NewsApi\NewsApi->__construct('ea1b061e351e451dad78a3be5ed14915')
 2 APPPATH\Controllers\Users\Profile.php(12): App\Models\NewsModel->__construct()
 3 SYSTEMPATH\CodeIgniter.php(934): App\Controllers\Users\Profile->index()
 4 SYSTEMPATH\CodeIgniter.php(499): CodeIgniter\CodeIgniter->runController(Object(App\Controllers\Users\Profile))
 5 SYSTEMPATH\CodeIgniter.php(368): CodeIgniter\CodeIgniter->handleRequest(null, Object(Config\Cache), false)
 6 FCPATH\index.php(67): CodeIgniter\CodeIgniter->run()
 7 SYSTEMPATH\Commands\Server\rewrite.php(47): require_once('C:\\xampp\\htdocs\\ImunKit\\ImunKit\\public\\index.php')
INFO - 2023-06-17 14:59:52 --> Session: Class initialized using 'CodeIgniter\Session\Handlers\FileHandler' driver.
